mobile/android/.build/outputs/logs/manifest-merger-debug-report.txt
-- Merging decision tree log ---
manifest
ADDED from AndroidManifest.xml:2:1
	package
		ADDED from AndroidManifest.xml:2:11
	android:versionName
		ADDED from AndroidManifest.xml:2:94
	android:versionCode
		ADDED from AndroidManifest.xml:2:120
		INJECTED from AndroidManifest.xml:0:0
		INJECTED from AndroidManifest.xml:0:0
	xmlns:android
		ADDED from AndroidManifest.xml:2:35
	android:installLocation
		ADDED from AndroidManifest.xml:2:144
application
ADDED from AndroidManifest.xml:3:5
	android:label
		ADDED from AndroidManifest.xml:3:117
	android:hardwareAccelerated
		ADDED from AndroidManifest.xml:3:18
	android:icon
		ADDED from AndroidManifest.xml:3:146
	android:name
		ADDED from AndroidManifest.xml:3:53
activity#org.qtproject.qt5.android.bindings.QtActivity
ADDED from AndroidManifest.xml:4:9
	android:screenOrientation
		ADDED from AndroidManifest.xml:4:263
	android:label
		ADDED from AndroidManifest.xml:4:234
	android:launchMode
		ADDED from AndroidManifest.xml:4:303
	android:configChanges
		ADDED from AndroidManifest.xml:4:19
	android:name
		ADDED from AndroidManifest.xml:4:173
intent-filter#android.intent.action.MAIN+android.intent.category.LAUNCHER
ADDED from AndroidManifest.xml:5:13
action#android.intent.action.MAIN
ADDED from AndroidManifest.xml:6:17
	android:name
		ADDED from AndroidManifest.xml:6:25
category#android.intent.category.LAUNCHER
ADDED from AndroidManifest.xml:7:17
	android:name
		ADDED from AndroidManifest.xml:7:27
meta-data#android.app.lib_name
ADDED from AndroidManifest.xml:14:13
	android:value
		ADDED from AndroidManifest.xml:14:60
	android:name
		ADDED from AndroidManifest.xml:14:24
meta-data#android.app.qt_sources_resource_id
ADDED from AndroidManifest.xml:15:13
	android:resource
		ADDED from AndroidManifest.xml:15:74
	android:name
		ADDED from AndroidManifest.xml:15:24
meta-data#android.app.repository
ADDED from AndroidManifest.xml:16:13
	android:value
		ADDED from AndroidManifest.xml:16:62
	android:name
		ADDED from AndroidManifest.xml:16:24
meta-data#android.app.qt_libs_resource_id
ADDED from AndroidManifest.xml:17:13
	android:resource
		ADDED from AndroidManifest.xml:17:71
	android:name
		ADDED from AndroidManifest.xml:17:24
meta-data#android.app.bundled_libs_resource_id
ADDED from AndroidManifest.xml:18:13
	android:resource
		ADDED from AndroidManifest.xml:18:76
	android:name
		ADDED from AndroidManifest.xml:18:24
meta-data#android.app.bundle_local_qt_libs
ADDED from AndroidManifest.xml:20:13
	android:value
		ADDED from AndroidManifest.xml:20:72
	android:name
		ADDED from AndroidManifest.xml:20:24
meta-data#android.app.bundled_in_lib_resource_id
ADDED from AndroidManifest.xml:21:13
	android:resource
		ADDED from AndroidManifest.xml:21:78
	android:name
		ADDED from AndroidManifest.xml:21:24
meta-data#android.app.bundled_in_assets_resource_id
ADDED from AndroidManifest.xml:22:13
	android:resource
		ADDED from AndroidManifest.xml:22:81
	android:name
		ADDED from AndroidManifest.xml:22:24
meta-data#android.app.use_local_qt_libs
ADDED from AndroidManifest.xml:24:13
	android:value
		ADDED from AndroidManifest.xml:24:69
	android:name
		ADDED from AndroidManifest.xml:24:24
meta-data#android.app.libs_prefix
ADDED from AndroidManifest.xml:25:13
	android:value
		ADDED from AndroidManifest.xml:25:63
	android:name
		ADDED from AndroidManifest.xml:25:24
meta-data#android.app.load_local_libs
ADDED from AndroidManifest.xml:26:13
	android:value
		ADDED from AndroidManifest.xml:26:67
	android:name
		ADDED from AndroidManifest.xml:26:24
meta-data#android.app.load_local_jars
ADDED from AndroidManifest.xml:27:13
	android:value
		ADDED from AndroidManifest.xml:27:67
	android:name
		ADDED from AndroidManifest.xml:27:24
meta-data#android.app.static_init_classes
ADDED from AndroidManifest.xml:28:13
	android:value
		ADDED from AndroidManifest.xml:28:71
	android:name
		ADDED from AndroidManifest.xml:28:24
meta-data#android.app.ministro_not_found_msg
ADDED from AndroidManifest.xml:30:13
	android:value
		ADDED from AndroidManifest.xml:30:24
	android:name
		ADDED from AndroidManifest.xml:30:71
meta-data#android.app.ministro_needed_msg
ADDED from AndroidManifest.xml:31:13
	android:value
		ADDED from AndroidManifest.xml:31:24
	android:name
		ADDED from AndroidManifest.xml:31:68
meta-data#android.app.fatal_error_msg
ADDED from AndroidManifest.xml:32:13
	android:value
		ADDED from AndroidManifest.xml:32:24
	android:name
		ADDED from AndroidManifest.xml:32:64
meta-data#android.app.background_running
ADDED from AndroidManifest.xml:45:13
	android:value
		ADDED from AndroidManifest.xml:45:70
	android:name
		ADDED from AndroidManifest.xml:45:24
meta-data#android.app.auto_screen_scale_factor
ADDED from AndroidManifest.xml:49:13
	android:value
		ADDED from AndroidManifest.xml:49:76
	android:name
		ADDED from AndroidManifest.xml:49:24
meta-data#android.app.extract_android_style
ADDED from AndroidManifest.xml:58:13
	android:value
		ADDED from AndroidManifest.xml:58:73
	android:name
		ADDED from AndroidManifest.xml:58:24
service#org.gnu.linux.MyService
ADDED from AndroidManifest.xml:63:5
	android:process
		ADDED from AndroidManifest.xml:63:14
	android:name
		ADDED from AndroidManifest.xml:63:36
meta-data#android.app.arguments
ADDED from AndroidManifest.xml:67:13
	android:value
		ADDED from AndroidManifest.xml:67:61
	android:name
		ADDED from AndroidManifest.xml:67:24
uses-sdk
ADDED from AndroidManifest.xml:114:5
	android:targetSdkVersion
		ADDED from AndroidManifest.xml:114:42
	android:minSdkVersion
		ADDED from AndroidManifest.xml:114:15
supports-screens
ADDED from AndroidManifest.xml:115:5
	android:largeScreens
		ADDED from AndroidManifest.xml:115:23
	android:smallScreens
		ADDED from AndroidManifest.xml:115:106
	android:normalScreens
		ADDED from AndroidManifest.xml:115:51
	android:anyDensity
		ADDED from AndroidManifest.xml:115:80
uses-permission#android.permission.INTERNET
ADDED from AndroidManifest.xml:125:1
	android:name
		ADDED from AndroidManifest.xml:125:18